*** Using Compiler 'V5.06 update 7 (build 960)', folder: 'D:\mdk\ARM\ARMCC\Bin'
Rebuild target 'Hero_board1_SJW'
assembling startup_stm32f407xx.s...
compiling stm32f4xx_it.c...
compiling rtc.c...
compiling gpio.c...
compiling dma.c...
compiling stm32f4xx_hal_pcd.c...
compiling usbd_desc.c...
compiling stm32f4xx_hal_msp.c...
compiling usart.c...
compiling can.c...
compiling usb_device.c...
compiling usbd_cdc_if.c...
compiling main.c...
compiling usbd_conf.c...
compiling freertos.c...
compiling stm32f4xx_hal_pcd_ex.c...
compiling stm32f4xx_hal_rcc_ex.c...
compiling stm32f4xx_hal_flash_ex.c...
compiling stm32f4xx_hal_flash.c...
compiling stm32f4xx_hal_flash_ramfunc.c...
compiling stm32f4xx_hal_pwr.c...
compiling stm32f4xx_hal_rcc.c...
compiling stm32f4xx_hal_dma.c...
compiling stm32f4xx_hal_gpio.c...
compiling stm32f4xx_hal_cortex.c...
compiling stm32f4xx_hal.c...
compiling stm32f4xx_ll_usb.c...
compiling stm32f4xx_hal_exti.c...
compiling stm32f4xx_hal_dma_ex.c...
compiling stm32f4xx_hal_pwr_ex.c...
compiling stm32f4xx_hal_can.c...
compiling croutine.c...
compiling event_groups.c...
compiling list.c...
compiling timers.c...
compiling heap_4.c...
compiling queue.c...
compiling stream_buffer.c...
compiling tasks.c...
compiling SpeedRamp.c...
compiling stm32f4xx_hal_rtc.c...
compiling port.c...
compiling cmsis_os.c...
compiling system_stm32f4xx.c...
compiling stm32f4xx_hal_uart.c...
compiling stm32f4xx_hal_rtc_ex.c...
compiling user_lib.c...
compiling pid.c...
..\Alg\Alg.c\pid.c(130): warning:  #177-D: variable "network_kp"  was declared but never referenced
    float network_kp;
..\Alg\Alg.c\pid.c(131): warning:  #177-D: variable "network_ki"  was declared but never referenced
    float network_ki;
..\Alg\Alg.c\pid.c(132): warning:  #177-D: variable "network_kd"  was declared but never referenced
    float network_kd;
..\Alg\Alg.c\pid.c(133): warning:  #550-D: variable "delta_error"  was set but never used
    float delta_error;
..\Alg\Alg.c\pid.c: 4 warnings, 0 errors
compiling FuzzyPID.c...
compiling CRC.c...
compiling kalman_filter.c...
..\Alg\Alg.c\kalman_filter.c(169): warning:  #940-D: missing return statement at end of non-void function "Two_Kalman_Filter_Calc" 
  }
..\Alg\Alg.c\kalman_filter.c: 1 warning, 0 errors
compiling FeedForward.c...
compiling BSP_Can.c...
compiling Protocol_UpperComputer.c...
compiling BSP_Usart.c...
compiling BSP_Delay.c...
compiling M2006_Motor.c...
compiling M3508_Motor.c...
compiling BSP_BoardCommunication.c...
compiling J4310_Motor.c...
compiling DT7.c...
compiling vofa.c...
compiling Time_Stamp.c...
compiling Task_CommunicateWithPC.c...
compiling Shoot.c...
compiling Dial.c...
compiling Cloud_Control.c...
..\Apps\Apps.c\Cloud_Control.c(185): warning:  #223-D: function "Cloud_Yaw_Angle_Set" declared implicitly
  		Cloud_Yaw_Angle_Set(); // Ê≠£Â∏∏Âú®Á∫øÁä∂ÊÄÅ‰∏ãÔºåËÆæÁΩÆyawËΩ?6020ÁîµÊú∫ËßíÂ∫¶
..\Apps\Apps.c\Cloud_Control.c(199): warning:  #159-D: declaration is incompatible with previous "Cloud_Yaw_Angle_Set"  (declared at line 185)
  void Cloud_Yaw_Angle_Set(void)
..\Apps\Apps.c\Cloud_Control.c: 2 warnings, 0 errors
compiling M6020_Motor.c...
compiling FrictionWheel.c...
compiling Task_DT7.c...
compiling Task_RobotControl.c...
compiling usbd_core.c...
compiling Task_CanSend.c...
compiling Task_CanReceive.c...
compiling Task_J4310_onlineCheck.c...
compiling Task_VOFA.c...
compiling usbd_ioreq.c...
compiling usbd_ctlreq.c...
compiling usbd_cdc.c...
linking...
Program Size: Code=35636 RO-data=2352 RW-data=876 ZI-data=27188  
FromELF: creating hex file...
".\Hero_board1_SJW\Hero_board1_SJW.axf" - 0 Error(s), 7 Warning(s).
Build Time Elapsed:  00:10:58
